<?xml version="1.0" encoding="UTF-8"?>
<testsuite xmlns:xsi="http://www.w3.org/2001/XMLSchema-instance" xsi:noNamespaceSchemaLocation="https://maven.apache.org/surefire/maven-surefire-plugin/xsd/surefire-test-report-3.0.xsd" version="3.0" name="com.example.demo.SaberProApplicationTests" time="9.406" tests="1" errors="0" skipped="0" failures="0">
  <properties>
[...]
</properties>
  <testcase name="contextLoads" classname="com.example.demo.SaberProApplicationTests" time="2.136">
    <system-out><![CDATA[15:48:47.213 [main] INFO org.springframework.test.context.support.AnnotationConfigContextLoaderUtils -- Could not detect default configuration classes for test class [com.example.demo.SaberProApplicationTests]: SaberProApplicationTests does not declare any static, non-private, non-final, nested classes annotated with @Configuration.
15:48:47.422 [main] INFO org.springframework.boot.test.context.SpringBootTestContextBootstrapper -- Found @SpringBootConfiguration com.example.demo.SaberProApplication for test class com.example.demo.SaberProApplicationTests
15:48:47.813 [main] INFO org.springframework.boot.devtools.restart.RestartApplicationListener -- Restart disabled due to context in which it is running

  .   ____          _            __ _ _
 /\\ / ___'_ __ _ _(_)_ __  __ _ \ \ \ \
( ( )\___ | '_ | '_| | '_ \/ _` | \ \ \ \
 \\/  ___)| |_)| | | | | || (_| |  ) ) ) )
  '  |____| .__|_| |_|_| |_\__, | / / / /
 =========|_|==============|___/=/_/_/_/
 :: Spring Boot ::                (v3.2.5)

2024-10-20T15:48:48.400-05:00  INFO 25644 --- [SaberPro] [           main] c.example.demo.SaberProApplicationTests  : Starting SaberProApplicationTests using Java 17.0.10 with PID 25644 (started by 123 in C:\Trabajo-Java SpringF\SaberPro)
2024-10-20T15:48:48.406-05:00  INFO 25644 --- [SaberPro] [           main] c.example.demo.SaberProApplicationTests  : No active profile set, falling back to 1 default profile: "default"
2024-10-20T15:48:50.054-05:00  INFO 25644 --- [SaberPro] [           main] .s.d.r.c.RepositoryConfigurationDelegate : Bootstrapping Spring Data MongoDB repositories in DEFAULT mode.
2024-10-20T15:48:50.235-05:00  INFO 25644 --- [SaberPro] [           main] .s.d.r.c.RepositoryConfigurationDelegate : Finished Spring Data repository scanning in 159 ms. Found 2 MongoDB repository interfaces.
2024-10-20T15:48:51.574-05:00  INFO 25644 --- [SaberPro] [           main] org.mongodb.driver.client                : MongoClient with metadata {"driver": {"name": "mongo-java-driver|sync|spring-boot", "version": "4.11.2"}, "os": {"type": "Windows", "name": "Windows 11", "architecture": "amd64", "version": "10.0"}, "platform": "Java/Eclipse Adoptium/17.0.10+7"} created with settings MongoClientSettings{readPreference=primary, writeConcern=WriteConcern{w=null, wTimeout=null ms, journal=null}, retryWrites=true, retryReads=true, readConcern=ReadConcern{level=null}, credential=MongoCredential{mechanism=null, userName='katerin', source='admin', password=<hidden>, mechanismProperties=<hidden>}, transportSettings=null, streamFactoryFactory=null, commandListeners=[], codecRegistry=ProvidersCodecRegistry{codecProviders=[ValueCodecProvider{}, BsonValueCodecProvider{}, DBRefCodecProvider{}, DBObjectCodecProvider{}, DocumentCodecProvider{}, CollectionCodecProvider{}, IterableCodecProvider{}, MapCodecProvider{}, GeoJsonCodecProvider{}, GridFSFileCodecProvider{}, Jsr310CodecProvider{}, JsonObjectCodecProvider{}, BsonCodecProvider{}, EnumCodecProvider{}, com.mongodb.client.model.mql.ExpressionCodecProvider@45117dd, com.mongodb.Jep395RecordCodecProvider@7741771e, com.mongodb.KotlinCodecProvider@834e986]}, loggerSettings=LoggerSettings{maxDocumentLength=1000}, clusterSettings={hosts=[127.0.0.1:27017], srvHost=katenube.dpu5b.mongodb.net, srvServiceName=mongodb, mode=MULTIPLE, requiredClusterType=REPLICA_SET, requiredReplicaSetName='atlas-ld7wox-shard-0', serverSelector='null', clusterListeners='[]', serverSelectionTimeout='30000 ms', localThreshold='15 ms'}, socketSettings=SocketSettings{connectTimeoutMS=10000, readTimeoutMS=0, receiveBufferSize=0, proxySettings=ProxySettings{host=null, port=null, username=null, password=null}}, heartbeatSocketSettings=SocketSettings{connectTimeoutMS=10000, readTimeoutMS=10000, receiveBufferSize=0, proxySettings=ProxySettings{host=null, port=null, username=null, password=null}}, connectionPoolSettings=ConnectionPoolSettings{maxSize=100, minSize=0, maxWaitTimeMS=120000, maxConnectionLifeTimeMS=0, maxConnectionIdleTimeMS=0, maintenanceInitialDelayMS=0, maintenanceFrequencyMS=60000, connectionPoolListeners=[], maxConnecting=2}, serverSettings=ServerSettings{heartbeatFrequencyMS=10000, minHeartbeatFrequencyMS=500, serverListeners='[]', serverMonitorListeners='[]'}, sslSettings=SslSettings{enabled=true, invalidHostNameAllowed=false, context=null}, applicationName='null', compressorList=[], uuidRepresentation=JAVA_LEGACY, serverApi=null, autoEncryptionSettings=null, dnsClient=null, inetAddressResolver=null, contextProvider=null}
2024-10-20T15:48:51.656-05:00  INFO 25644 --- [SaberPro] [u5b.mongodb.net] org.mongodb.driver.cluster               : Adding discovered server katenube-shard-00-01.dpu5b.mongodb.net:27017 to client view of cluster
2024-10-20T15:48:51.723-05:00  INFO 25644 --- [SaberPro] [u5b.mongodb.net] org.mongodb.driver.cluster               : Adding discovered server katenube-shard-00-00.dpu5b.mongodb.net:27017 to client view of cluster
2024-10-20T15:48:51.730-05:00  INFO 25644 --- [SaberPro] [u5b.mongodb.net] org.mongodb.driver.cluster               : Adding discovered server katenube-shard-00-02.dpu5b.mongodb.net:27017 to client view of cluster
2024-10-20T15:48:53.190-05:00  INFO 25644 --- [SaberPro] [ngodb.net:27017] org.mongodb.driver.cluster               : Monitor thread successfully connected to server with description ServerDescription{address=katenube-shard-00-00.dpu5b.mongodb.net:27017, type=REPLICA_SET_SECONDARY, state=CONNECTED, ok=true, minWireVersion=0, maxWireVersion=21, maxDocumentSize=16777216, logicalSessionTimeoutMinutes=30, roundTripTimeNanos=814784500, setName='atlas-ld7wox-shard-0', canonicalAddress=katenube-shard-00-00.dpu5b.mongodb.net:27017, hosts=[katenube-shard-00-02.dpu5b.mongodb.net:27017, katenube-shard-00-00.dpu5b.mongodb.net:27017, katenube-shard-00-01.dpu5b.mongodb.net:27017], passives=[], arbiters=[], primary='katenube-shard-00-02.dpu5b.mongodb.net:27017', tagSet=TagSet{[Tag{name='availabilityZone', value='southamerica-east1-a'}, Tag{name='diskState', value='READY'}, Tag{name='nodeType', value='ELECTABLE'}, Tag{name='provider', value='GCP'}, Tag{name='region', value='SOUTH_AMERICA_EAST_1'}, Tag{name='workloadType', value='OPERATIONAL'}]}, electionId=null, setVersion=14, topologyVersion=TopologyVersion{processId=6707e4c69e440c6442fd502e, counter=4}, lastWriteDate=Sun Oct 20 15:48:53 COT 2024, lastUpdateTimeNanos=156007024294400}
2024-10-20T15:48:53.190-05:00  INFO 25644 --- [SaberPro] [ngodb.net:27017] org.mongodb.driver.cluster               : Monitor thread successfully connected to server with description ServerDescription{address=katenube-shard-00-01.dpu5b.mongodb.net:27017, type=REPLICA_SET_SECONDARY, state=CONNECTED, ok=true, minWireVersion=0, maxWireVersion=21, maxDocumentSize=16777216, logicalSessionTimeoutMinutes=30, roundTripTimeNanos=813616600, setName='atlas-ld7wox-shard-0', canonicalAddress=katenube-shard-00-01.dpu5b.mongodb.net:27017, hosts=[katenube-shard-00-02.dpu5b.mongodb.net:27017, katenube-shard-00-00.dpu5b.mongodb.net:27017, katenube-shard-00-01.dpu5b.mongodb.net:27017], passives=[], arbiters=[], primary='katenube-shard-00-02.dpu5b.mongodb.net:27017', tagSet=TagSet{[Tag{name='availabilityZone', value='southamerica-east1-b'}, Tag{name='diskState', value='READY'}, Tag{name='nodeType', value='ELECTABLE'}, Tag{name='provider', value='GCP'}, Tag{name='region', value='SOUTH_AMERICA_EAST_1'}, Tag{name='workloadType', value='OPERATIONAL'}]}, electionId=null, setVersion=14, topologyVersion=TopologyVersion{processId=6707e92c68c8ebb8109f0f3a, counter=3}, lastWriteDate=Sun Oct 20 15:48:53 COT 2024, lastUpdateTimeNanos=156007023125600}
2024-10-20T15:48:53.193-05:00  INFO 25644 --- [SaberPro] [ngodb.net:27017] org.mongodb.driver.cluster               : Monitor thread successfully connected to server with description ServerDescription{address=katenube-shard-00-02.dpu5b.mongodb.net:27017, type=REPLICA_SET_PRIMARY, state=CONNECTED, ok=true, minWireVersion=0, maxWireVersion=21, maxDocumentSize=16777216, logicalSessionTimeoutMinutes=30, roundTripTimeNanos=814760500, setName='atlas-ld7wox-shard-0', canonicalAddress=katenube-shard-00-02.dpu5b.mongodb.net:27017, hosts=[katenube-shard-00-02.dpu5b.mongodb.net:27017, katenube-shard-00-00.dpu5b.mongodb.net:27017, katenube-shard-00-01.dpu5b.mongodb.net:27017], passives=[], arbiters=[], primary='katenube-shard-00-02.dpu5b.mongodb.net:27017', tagSet=TagSet{[Tag{name='availabilityZone', value='southamerica-east1-c'}, Tag{name='diskState', value='READY'}, Tag{name='nodeType', value='ELECTABLE'}, Tag{name='provider', value='GCP'}, Tag{name='region', value='SOUTH_AMERICA_EAST_1'}, Tag{name='workloadType', value='OPERATIONAL'}]}, electionId=7fffffff00000000000000a0, setVersion=14, topologyVersion=TopologyVersion{processId=6707e742178c10cb3df2ab57, counter=6}, lastWriteDate=Sun Oct 20 15:48:53 COT 2024, lastUpdateTimeNanos=156007024231200}
2024-10-20T15:48:53.205-05:00  INFO 25644 --- [SaberPro] [ngodb.net:27017] org.mongodb.driver.cluster               : Discovered replica set primary katenube-shard-00-02.dpu5b.mongodb.net:27017 with max election id 7fffffff00000000000000a0 and max set version 14
2024-10-20T15:48:54.046-05:00  INFO 25644 --- [SaberPro] [           main] c.example.demo.SaberProApplicationTests  : Started SaberProApplicationTests in 6.259 seconds (process running for 8.909)
]]></system-out>
  </testcase>
</testsuite>